<?xml version="1.0" encoding="UTF-8"?>
<!-- Generated by org.testng.reporters.JUnitXMLReporter -->
<testsuite hostname="Santoshs-MacBook-Air.local" name="TesyProject" tests="6" failures="0" timestamp="2 Jun 2020 07:09:55 GMT" time="0.088" errors="0">
  <testcase name="t1" time="0.007" classname="example.Demo1"/>
  <testcase name="t1" time="0.0" classname="example.Demo1"/>
  <testcase name="t1" time="0.001" classname="example.Demo1"/>
  <testcase name="t5" time="0.004" classname="example.Demo1">
    <skipped/>
  </testcase> <!-- t5 -->
  <testcase name="t4" time="0.003" classname="example.Demo1"/>
  <testcase name="t2" time="0.0" classname="example.Demo1"/>
</testsuite> <!-- TesyProject -->
