<?xml version="1.0" encoding="UTF-8"?>
<testng-results skipped="0" failed="0" total="1" passed="1">
  <reporter-output>
  </reporter-output>
  <suite name="Default Suite" duration-ms="8008" started-at="2020-06-01T11:57:14Z" finished-at="2020-06-01T11:57:22Z">
    <groups>
    </groups>
    <test name="TesyProject" duration-ms="8008" started-at="2020-06-01T11:57:14Z" finished-at="2020-06-01T11:57:22Z">
      <class name="example.NewTest">
        <test-method status="PASS" signature="beforeTest()[pri:0, instance:example.NewTest@2d209079]" name="beforeTest" is-config="true" duration-ms="3638" started-at="2020-06-01T17:27:14Z" finished-at="2020-06-01T17:27:18Z">
          <reporter-output>
          </reporter-output>
        </test-method> <!-- beforeTest -->
        <test-method status="PASS" signature="testEasy()[pri:0, instance:example.NewTest@2d209079]" name="testEasy" duration-ms="3660" started-at="2020-06-01T17:27:18Z" finished-at="2020-06-01T17:27:21Z">
          <reporter-output>
          </reporter-output>
        </test-method> <!-- testEasy -->
        <test-method status="PASS" signature="afterTest()[pri:0, instance:example.NewTest@2d209079]" name="afterTest" is-config="true" duration-ms="678" started-at="2020-06-01T17:27:21Z" finished-at="2020-06-01T17:27:22Z">
          <reporter-output>
          </reporter-output>
        </test-method> <!-- afterTest -->
      </class> <!-- example.NewTest -->
    </test> <!-- TesyProject -->
  </suite> <!-- Default Suite -->
</testng-results>
