<?xml version="1.0" encoding="UTF-8"?>
<!-- Generated by org.testng.reporters.JUnitXMLReporter -->
<testsuite hostname="Santoshs-MacBook-Air.local" name="/Users/santoshsrinivas/IdeaProjects/TesyProject" tests="7" failures="0" timestamp="4 Jun 2020 05:01:56 GMT" time="11.306" errors="0">
  <testcase name="testEasy" time="6.509" classname="example.NewTest"/>
  <testcase name="t1" time="0.0" classname="example.Demo1"/>
  <testcase name="t1" time="0.0" classname="example.Demo1"/>
  <testcase name="t1" time="0.0" classname="example.Demo1"/>
  <testcase name="t5" time="0.001" classname="example.Demo1"/>
  <testcase name="t4" time="0.0" classname="example.Demo1"/>
  <testcase name="t2" time="0.001" classname="example.Demo1"/>
</testsuite> <!-- /Users/santoshsrinivas/IdeaProjects/TesyProject -->
