<?xml version="1.0" encoding="UTF-8"?>
<!-- Generated by org.testng.reporters.JUnitXMLReporter -->
<testsuite hostname="Santoshs-MacBook-Air.local" name="/Users/santoshsrinivas/IdeaProjects/TesyProject" tests="7" failures="0" timestamp="2 Jun 2020 07:14:42 GMT" time="7.087" errors="0">
  <testcase name="testEasy" time="3.137" classname="example.NewTest"/>
  <testcase name="t1" time="0.0" classname="example.Demo1"/>
  <testcase name="t1" time="0.0" classname="example.Demo1"/>
  <testcase name="t1" time="0.001" classname="example.Demo1"/>
  <testcase name="t5" time="0.0" classname="example.Demo1"/>
  <testcase name="t4" time="0.001" classname="example.Demo1"/>
  <testcase name="t2" time="0.001" classname="example.Demo1"/>
</testsuite> <!-- /Users/santoshsrinivas/IdeaProjects/TesyProject -->
